<?xml version="1.0" encoding="UTF-8"?>
<testng-results skipped="0" failed="0" ignored="0" total="1" passed="1">
  <reporter-output>
  </reporter-output>
  <suite name="Default suite" duration-ms="11402" started-at="2018-06-19T00:30:51Z" finished-at="2018-06-19T00:31:02Z">
    <groups>
    </groups>
    <test name="Default test" duration-ms="11402" started-at="2018-06-19T00:30:51Z" finished-at="2018-06-19T00:31:02Z">
      <class name="com.testcase.login.VarifyLogin">
        <test-method status="PASS" signature="checkvaliduser()[pri:0, instance:com.testcase.login.VarifyLogin@167fdd33]" name="checkvaliduser" duration-ms="11378" started-at="2018-06-19T00:30:51Z" finished-at="2018-06-19T00:31:02Z">
          <reporter-output>
          </reporter-output>
        </test-method> <!-- checkvaliduser -->
      </class> <!-- com.testcase.login.VarifyLogin -->
    </test> <!-- Default test -->
  </suite> <!-- Default suite -->
</testng-results>
